<?xml version="1.0" encoding="UTF-8"?>
<!-- Generated by org.testng.reporters.JUnitReportReporter -->
<testsuite skipped="0" hostname="STUDENT11" name="OwenC.AutomatedTestingWeek.TestNGTesting" tests="1" failures="0" timestamp="30 Nov 2017 11:19:51 GMT" time="0.768" errors="0">
  <testcase name="test" time="0.768" classname="OwenC.AutomatedTestingWeek.TestNGTesting"/>
</testsuite> <!-- OwenC.AutomatedTestingWeek.TestNGTesting -->
